<?xml version="1.0" encoding="UTF-8"?>
<testsuite xmlns:xsi="http://www.w3.org/2001/XMLSchema-instance" xsi:noNamespaceSchemaLocation="https://maven.apache.org/surefire/maven-surefire-plugin/xsd/surefire-test-report.xsd" name="cn.pxl.AppTest" time="0.01" tests="1" errors="0" skipped="0" failures="0">
  <properties>
    <property name="java.specification.version" value="18"/>
    <property name="sun.jnu.encoding" value="UTF-8"/>
    <property name="java.class.path" value="/Users/pengxiaoliang/IdeaProjects/IdeaProject/Basic/Project01/BasicProject/coreDemo1/target/test-classes:/Users/pengxiaoliang/IdeaProjects/IdeaProject/Basic/Project01/BasicProject/coreDemo1/target/classes:/opt/homebrew/Cellar/maven/3.8.5/libexec/lib/repository/BasicProjectReopsitory/junit/junit/4.11/junit-4.11.jar:/opt/homebrew/Cellar/maven/3.8.5/libexec/lib/repository/BasicProjectReopsitory/org/hamcrest/hamcrest-core/1.3/hamcrest-core-1.3.jar:"/>
    <property name="java.vm.vendor" value="Oracle Corporation"/>
    <property name="sun.arch.data.model" value="64"/>
    <property name="java.vendor.url" value="https://java.oracle.com/"/>
    <property name="os.name" value="Mac OS X"/>
    <property name="java.vm.specification.version" value="18"/>
    <property name="sun.java.launcher" value="SUN_STANDARD"/>
    <property name="user.country" value="CN"/>
    <property name="sun.boot.library.path" value="/Library/Java/JavaVirtualMachines/jdk-18.jdk/Contents/Home/lib"/>
    <property name="sun.java.command" value="/Users/pengxiaoliang/IdeaProjects/IdeaProject/Basic/Project01/BasicProject/coreDemo1/target/surefire/surefirebooter9017675932245845004.jar /Users/pengxiaoliang/IdeaProjects/IdeaProject/Basic/Project01/BasicProject/coreDemo1/target/surefire 2022-04-17T12-41-09_092-jvmRun1 surefire17019458807753147218tmp surefire_016458988294123433513tmp"/>
    <property name="http.nonProxyHosts" value="127.0.0.1|localhost|*.localhost"/>
    <property name="jdk.debug" value="release"/>
    <property name="surefire.test.class.path" value="/Users/pengxiaoliang/IdeaProjects/IdeaProject/Basic/Project01/BasicProject/coreDemo1/target/test-classes:/Users/pengxiaoliang/IdeaProjects/IdeaProject/Basic/Project01/BasicProject/coreDemo1/target/classes:/opt/homebrew/Cellar/maven/3.8.5/libexec/lib/repository/BasicProjectReopsitory/junit/junit/4.11/junit-4.11.jar:/opt/homebrew/Cellar/maven/3.8.5/libexec/lib/repository/BasicProjectReopsitory/org/hamcrest/hamcrest-core/1.3/hamcrest-core-1.3.jar:"/>
    <property name="sun.cpu.endian" value="little"/>
    <property name="user.home" value="/Users/pengxiaoliang"/>
    <property name="user.language" value="zh"/>
    <property name="java.specification.vendor" value="Oracle Corporation"/>
    <property name="java.version.date" value="2022-03-22"/>
    <property name="java.home" value="/Library/Java/JavaVirtualMachines/jdk-18.jdk/Contents/Home"/>
    <property name="file.separator" value="/"/>
    <property name="basedir" value="/Users/pengxiaoliang/IdeaProjects/IdeaProject/Basic/Project01/BasicProject/coreDemo1"/>
    <property name="java.vm.compressedOopsMode" value="Zero based"/>
    <property name="line.separator" value="&#10;"/>
    <property name="java.vm.specification.vendor" value="Oracle Corporation"/>
    <property name="java.specification.name" value="Java Platform API Specification"/>
    <property name="apple.awt.application.name" value="ForkedBooter"/>
    <property name="surefire.real.class.path" value="/Users/pengxiaoliang/IdeaProjects/IdeaProject/Basic/Project01/BasicProject/coreDemo1/target/surefire/surefirebooter9017675932245845004.jar"/>
    <property name="user.script" value="Hans"/>
    <property name="sun.management.compiler" value="HotSpot 64-Bit Tiered Compilers"/>
    <property name="ftp.nonProxyHosts" value="127.0.0.1|localhost|*.localhost"/>
    <property name="java.runtime.version" value="18+36-2087"/>
    <property name="user.name" value="pengxiaoliang"/>
    <property name="path.separator" value=":"/>
    <property name="os.version" value="12.3.1"/>
    <property name="java.runtime.name" value="Java(TM) SE Runtime Environment"/>
    <property name="file.encoding" value="UTF-8"/>
    <property name="java.vm.name" value="Java HotSpot(TM) 64-Bit Server VM"/>
    <property name="localRepository" value="/opt/homebrew/Cellar/maven/3.8.5/libexec/lib/repository/BasicProjectReopsitory"/>
    <property name="java.vendor.url.bug" value="https://bugreport.java.com/bugreport/"/>
    <property name="java.io.tmpdir" value="/var/folders/7t/81shypd5509gtcr6m2b9719c0000gn/T/"/>
    <property name="idea.version" value="2021.1.3"/>
    <property name="java.version" value="18"/>
    <property name="user.dir" value="/Users/pengxiaoliang/IdeaProjects/IdeaProject/Basic/Project01/BasicProject/coreDemo1"/>
    <property name="os.arch" value="aarch64"/>
    <property name="java.vm.specification.name" value="Java Virtual Machine Specification"/>
    <property name="native.encoding" value="UTF-8"/>
    <property name="java.library.path" value="/Users/pengxiaoliang/Library/Java/Extensions:/Library/Java/Extensions:/Network/Library/Java/Extensions:/System/Library/Java/Extensions:/usr/lib/java:."/>
    <property name="java.vm.info" value="mixed mode, sharing"/>
    <property name="java.vendor" value="Oracle Corporation"/>
    <property name="java.vm.version" value="18+36-2087"/>
    <property name="sun.io.unicode.encoding" value="UnicodeBig"/>
    <property name="maven.repo.local" value="/opt/homebrew/Cellar/maven/3.8.5/libexec/lib/repository/BasicProjectReopsitory"/>
    <property name="socksNonProxyHosts" value="127.0.0.1|localhost|*.localhost"/>
    <property name="java.class.version" value="62.0"/>
  </properties>
  <testcase name="shouldAnswerWithTrue" classname="cn.pxl.AppTest" time="0.001"/>
</testsuite>